<?xml version="1.0" encoding="UTF-8"?>
<testng-results ignored="0" total="1" passed="1" failed="0" skipped="0">
  <reporter-output>
  </reporter-output>
  <suite started-at="2022-10-30T18:09:15 IST" name="Default suite" finished-at="2022-10-30T18:09:15 IST" duration-ms="82">
    <groups>
    </groups>
    <test started-at="2022-10-30T18:09:15 IST" name="Default test" finished-at="2022-10-30T18:09:15 IST" duration-ms="82">
      <class name="com.lao.javaLearning.CollectMoney">
        <test-method signature="testNG()[pri:0, instance:com.lao.javaLearning.CollectMoney@12b0404f]" started-at="2022-10-30T18:09:15 IST" name="testNG" finished-at="2022-10-30T18:09:15 IST" duration-ms="22" status="PASS">
          <reporter-output>
          </reporter-output>
        </test-method> <!-- testNG -->
      </class> <!-- com.lao.javaLearning.CollectMoney -->
    </test> <!-- Default test -->
  </suite> <!-- Default suite -->
</testng-results>
